\BOOKMARK [0][-]{chapter.1}{L'inversion}{}% 1
\BOOKMARK [1][-]{section.2}{Cercle-droite}{chapter.1}% 2
\BOOKMARK [2][-]{subsection.3}{\311quation\040complexe\040d'une\040droite}{section.2}% 3
\BOOKMARK [2][-]{subsection.4}{\311quation\040complexe\040d'un\040cercle}{section.2}% 4
\BOOKMARK [2][-]{subsection.5}{Les\040cercles-droites}{section.2}% 5
\BOOKMARK [1][-]{section.8}{L'inversion}{chapter.1}% 6
\BOOKMARK [2][-]{subsection.9}{D\351finition\040g\351om\351trique}{section.8}% 7
\BOOKMARK [2][-]{subsection.16}{Construction\040de\040l'inverse\040d'un\040point\040\340\040la\040r\350gle\040et\040au\040compas}{section.8}% 8
\BOOKMARK [2][-]{subsection.18}{\311criture\040complexe}{section.8}% 9
\BOOKMARK [2][-]{subsection.20}{Inversion\040et\040cercle-droite}{section.8}% 10
\BOOKMARK [2][-]{subsection.22}{Inversion\040et\040cocyclicit\351}{section.8}% 11
\BOOKMARK [1][-]{section.24}{Les\040homographies}{chapter.1}% 12
\BOOKMARK [2][-]{subsection.25}{D\351finition}{section.24}% 13
\BOOKMARK [2][-]{subsection.28}{Homographies\040et\040angles}{section.24}% 14
\BOOKMARK [1][-]{section.32}{Dispositifs\040m\351caniques}{chapter.1}% 15
\BOOKMARK [2][-]{subsection.33}{La\040courbe\040de\040Watt}{section.32}% 16
\BOOKMARK [2][-]{subsection.34}{L'inverseur\040de\040Peaucellier}{section.32}% 17
\BOOKMARK [2][-]{subsection.37}{Th\351or\350me\040de\040Kempe}{section.32}% 18
\BOOKMARK [1][-]{section.39}{Construction\040au\040compas\040seulement}{chapter.1}% 19
\BOOKMARK [2][-]{subsection.40}{Probl\350me\040de\040Napol\351on}{section.39}% 20
\BOOKMARK [2][-]{subsection.46}{Preuve}{section.39}% 21
\BOOKMARK [2][-]{subsection.47}{Construction\040de\040l'inverse\040d'un\040point\040au\040compas\040seul}{section.39}% 22
\BOOKMARK [2][-]{subsection.48}{Th\351or\350me\040de\040Mohr-Masheroni}{section.39}% 23
\BOOKMARK [1][-]{section.50}{Exercices}{chapter.1}% 24
\BOOKMARK [2][-]{subsection.51}{L'inversion}{section.50}% 25
\BOOKMARK [2][-]{subsection.79}{Homographie}{section.50}% 26
\BOOKMARK [2][-]{subsection.92}{Dispositifs\040m\351caniques}{section.50}% 27
