mktextfm mdbchr8t+20
mktextfm mdbchr8t-20
mktextfm mdbchr7t+20
mktextfm mdbchr7t-20
mktextfm ecss1095+20
mktextfm ecss1095-20
mktextfm mdbchr8t+20
mktextfm mdbchr8t-20
mktextfm mdbchr7t+20
mktextfm mdbchr7t-20
mktextfm ecss1000+20
mktextfm ecss1000-20
mktextfm mdbchri8t+20
mktextfm mdbchri8t-20
mktextfm mdbchr8t-10ls+20
mktextfm mdbchr8t-10ls-20
mktextfm mdbchr8t-20
mktextfm mdbchrfc8t-10ls+20
mktextfm mdbchrfc8t-10ls-20
mktextfm mdbchrfc8t-20
mktextfm mdbchr8t+20
mktextfm mdbchr8t-20
mktextfm mdbchri8t+20
mktextfm mdbchri8t-20
