\BOOKMARK [0][-]{chapter.1}{\311quations\040diff\351rentielles}{}% 1
\BOOKMARK [1][-]{section.4}{D\351finition}{chapter.1}% 2
\BOOKMARK [2][-]{subsection.5}{Introduction}{section.4}% 3
\BOOKMARK [2][-]{subsection.10}{D\351finition}{section.4}% 4
\BOOKMARK [2][-]{subsection.15}{\311quation\040diff\351rentielle\040lin\351aire}{section.4}% 5
\BOOKMARK [1][-]{section.32}{\311quation\040diff\351rentielle\040lin\351aire\040du\040premier\040ordre}{chapter.1}% 6
\BOOKMARK [2][-]{subsection.36}{y'=ay}{section.32}% 7
\BOOKMARK [2][-]{subsection.43}{y'=a\(x\)y}{section.32}% 8
\BOOKMARK [2][-]{subsection.48}{y'\040=\040a\(x\)y+b\(x\)}{section.32}% 9
\BOOKMARK [2][-]{subsection.55}{Th\351or\350me\040de\040Cauchy-Lipschitz}{section.32}% 10
\BOOKMARK [2][-]{subsection.58}{Courbes\040int\351grales}{section.32}% 11
\BOOKMARK [2][-]{subsection.60}{Exemples}{section.32}% 12
\BOOKMARK [1][-]{section.79}{\311quation\040diff\351rentielle\040lin\351aire\040du\040second\040ordre\040\340\040coefficients\040constants}{chapter.1}% 13
\BOOKMARK [2][-]{subsection.80}{D\351finition}{section.79}% 14
\BOOKMARK [2][-]{subsection.86}{\311quation\040homog\350ne}{section.79}% 15
\BOOKMARK [2][-]{subsection.99}{\311quation\040avec\040second\040membre}{section.79}% 16
\BOOKMARK [2][-]{subsection.104}{Recherche\040d'une\040solution\040particuli\350re}{section.79}% 17
\BOOKMARK [1][-]{section.116}{Probl\350mes\040conduisant\040\340\040des\040\351quations\040diff\351rentielles}{chapter.1}% 18
\BOOKMARK [2][-]{subsection.117}{Parachutiste}{section.116}% 19
\BOOKMARK [2][-]{subsection.118}{Demi-vie}{section.116}% 20
\BOOKMARK [2][-]{subsection.119}{Mod\350les\040d'\351volution}{section.116}% 21
\BOOKMARK [2][-]{subsection.122}{Masse\040attach\351e\040\340\040un\040ressort}{section.116}% 22
