\BOOKMARK [0][-]{chapter.2}{Logique\040et\040raisonnements}{}% 1
\BOOKMARK [1][-]{section.3}{Logique}{chapter.2}% 2
\BOOKMARK [1][-]{section.28}{Raisonnements}{chapter.2}% 3
\BOOKMARK [0][-]{chapter.48}{Ensembles\040et\040applications}{}% 4
\BOOKMARK [1][-]{section.49}{Ensembles}{chapter.48}% 5
\BOOKMARK [1][-]{section.63}{Applications}{chapter.48}% 6
\BOOKMARK [1][-]{section.76}{Injection,\040surjection,\040bijection}{chapter.48}% 7
\BOOKMARK [1][-]{section.93}{Ensembles\040finis}{chapter.48}% 8
\BOOKMARK [1][-]{section.143}{Relation\040d'\351quivalence}{chapter.48}% 9
\BOOKMARK [0][-]{chapter.165}{Nombres\040complexes}{}% 10
\BOOKMARK [1][-]{section.166}{Les\040nombres\040complexes}{chapter.165}% 11
\BOOKMARK [1][-]{section.182}{Racines\040carr\351es,\040\351quation\040du\040second\040degr\351}{chapter.165}% 12
\BOOKMARK [1][-]{section.198}{Argument\040et\040trigonom\351trie}{chapter.165}% 13
\BOOKMARK [1][-]{section.214}{Nombres\040complexes\040et\040g\351om\351trie}{chapter.165}% 14
\BOOKMARK [0][-]{chapter.224}{Arithm\351tique}{}% 15
\BOOKMARK [1][-]{section.225}{Division\040euclidienne\040et\040pgcd}{chapter.224}% 16
\BOOKMARK [1][-]{section.246}{Th\351or\350me\040de\040B\351zout}{chapter.224}% 17
\BOOKMARK [1][-]{section.272}{Nombres\040premiers}{chapter.224}% 18
\BOOKMARK [1][-]{section.288}{Congruences}{chapter.224}% 19
\BOOKMARK [0][-]{chapter.323}{Polyn\364mes}{}% 20
\BOOKMARK [1][-]{section.324}{D\351finitions}{chapter.323}% 21
\BOOKMARK [1][-]{section.340}{Arithm\351tique\040des\040polyn\364mes}{chapter.323}% 22
\BOOKMARK [1][-]{section.371}{Racine\040d'un\040polyn\364me,\040factorisation}{chapter.323}% 23
\BOOKMARK [1][-]{section.401}{Fractions\040rationnelles}{chapter.323}% 24
\BOOKMARK [0][-]{chapter.414}{Groupes}{}% 25
\BOOKMARK [1][-]{section.415}{Groupe}{chapter.414}% 26
\BOOKMARK [1][-]{section.452}{Sous-groupes}{chapter.414}% 27
\BOOKMARK [1][-]{section.464}{Morphismes\040de\040groupes}{chapter.414}% 28
\BOOKMARK [1][-]{section.499}{Le\040groupe\040Z/nZ}{chapter.414}% 29
\BOOKMARK [1][-]{section.510}{Le\040groupe\040des\040permutations\040Sn}{chapter.414}% 30
\BOOKMARK [0][-]{chapter.531}{Syst\350mes\040lin\351aires}{}% 31
\BOOKMARK [1][-]{section.532}{Introduction\040aux\040syst\350mes\040d'\351quations\040lin\351aires}{chapter.531}% 32
\BOOKMARK [1][-]{section.554}{Th\351orie\040des\040syst\350mes\040lin\351aires}{chapter.531}% 33
\BOOKMARK [1][-]{section.570}{R\351solution\040par\040la\040m\351thode\040du\040pivot\040de\040Gauss}{chapter.531}% 34
\BOOKMARK [0][-]{chapter.589}{Matrices}{}% 35
\BOOKMARK [1][-]{section.590}{D\351finition}{chapter.589}% 36
\BOOKMARK [1][-]{section.611}{Multiplication\040de\040matrices}{chapter.589}% 37
\BOOKMARK [1][-]{section.636}{Inverse\040d'une\040matrice\040:\040d\351finition}{chapter.589}% 38
\BOOKMARK [1][-]{section.655}{Inverse\040d'une\040matrice\040:\040calcul}{chapter.589}% 39
\BOOKMARK [1][-]{section.666}{Inverse\040d'une\040matrice\040:\040syst\350mes\040lin\351aires\040et\040matrices\040\351l\351mentaires}{chapter.589}% 40
\BOOKMARK [1][-]{section.696}{Matrices\040triangulaires,\040transposition,\040trace,\040matrices\040sym\351triques}{chapter.589}% 41
\BOOKMARK [0][-]{chapter.737}{L'espace\040vectoriel\040Rn}{}% 42
\BOOKMARK [1][-]{section.738}{Vecteurs\040de\040Rn}{chapter.737}% 43
\BOOKMARK [1][-]{section.756}{Exemples\040d'applications\040lin\351aires}{chapter.737}% 44
\BOOKMARK [1][-]{section.774}{Propri\351t\351s\040des\040applications\040lin\351aires}{chapter.737}% 45
\BOOKMARK [0][-]{chapter.791}{Espaces\040vectoriels}{}% 46
\BOOKMARK [1][-]{section.792}{Espace\040vectoriel\040\(d\351but\)}{chapter.791}% 47
\BOOKMARK [1][-]{section.812}{Espace\040vectoriel\040\(fin\)}{chapter.791}% 48
\BOOKMARK [1][-]{section.851}{Sous-espace\040vectoriel\040\(d\351but\)}{chapter.791}% 49
\BOOKMARK [1][-]{section.884}{Sous-espace\040vectoriel\040\(milieu\)}{chapter.791}% 50
\BOOKMARK [1][-]{section.901}{Sous-espace\040vectoriel\040\(fin\)}{chapter.791}% 51
\BOOKMARK [1][-]{section.950}{Application\040lin\351aire\040\(d\351but\)}{chapter.791}% 52
\BOOKMARK [1][-]{section.969}{Application\040lin\351aire\040\(milieu\)}{chapter.791}% 53
\BOOKMARK [1][-]{section.988}{Application\040lin\351aire\040\(fin\)}{chapter.791}% 54
\BOOKMARK [0][-]{chapter.1012}{Dimension\040finie}{}% 55
\BOOKMARK [1][-]{section.1013}{Famille\040libre}{chapter.1012}% 56
\BOOKMARK [1][-]{section.1035}{Famille\040g\351n\351ratrice}{chapter.1012}% 57
\BOOKMARK [1][-]{section.1050}{Base}{chapter.1012}% 58
\BOOKMARK [1][-]{section.1092}{Dimension\040d'un\040espace\040vectoriel}{chapter.1012}% 59
\BOOKMARK [1][-]{section.1122}{Dimension\040des\040sous-espaces\040vectoriels}{chapter.1012}% 60
\BOOKMARK [0][-]{chapter.1147}{Matrices\040et\040applications\040lin\351aires}{}% 61
\BOOKMARK [1][-]{section.1148}{Rang\040d'une\040famille\040de\040vecteurs}{chapter.1147}% 62
\BOOKMARK [1][-]{section.1178}{Applications\040lin\351aires\040en\040dimension\040finie}{chapter.1147}% 63
\BOOKMARK [1][-]{section.1208}{Matrice\040d'une\040application\040lin\351aire}{chapter.1147}% 64
\BOOKMARK [1][-]{section.1240}{Changement\040de\040bases}{chapter.1147}% 65
\BOOKMARK [0][-]{chapter.1271}{D\351terminants}{}% 66
\BOOKMARK [1][-]{section.1272}{D\351terminant\040en\040dimension\0402\040et\0403}{chapter.1271}% 67
\BOOKMARK [1][-]{section.1284}{D\351finition\040du\040d\351terminant}{chapter.1271}% 68
\BOOKMARK [1][-]{section.1305}{Propri\351t\351s\040du\040d\351terminant}{chapter.1271}% 69
\BOOKMARK [1][-]{section.1332}{Calculs\040de\040d\351terminants}{chapter.1271}% 70
\BOOKMARK [1][-]{section.1348}{Applications\040des\040d\351terminants}{chapter.1271}% 71
\BOOKMARK [0][-]{section*.1370}{Index}{}% 72
