\BOOKMARK [0][-]{chapter.2}{La\040r\350gle\040et\040le\040compas}{}% 1
\BOOKMARK [1][-]{section.3}{Constructions\040et\040les\040trois\040probl\350mes\040grecs}{chapter.2}% 2
\BOOKMARK [1][-]{section.14}{Les\040nombres\040constructibles\040\340\040la\040r\350gle\040et\040au\040compas}{chapter.2}% 3
\BOOKMARK [1][-]{section.39}{\311l\351ments\040de\040th\351orie\040des\040corps}{chapter.2}% 4
\BOOKMARK [1][-]{section.66}{Corps\040et\040nombres\040constructibles}{chapter.2}% 5
\BOOKMARK [1][-]{section.76}{Applications\040aux\040probl\350mes\040grecs}{chapter.2}% 6
\BOOKMARK [1][-]{section.86}{Exercices}{chapter.2}% 7
\BOOKMARK [0][-]{chapter.159}{L'inversion}{}% 8
\BOOKMARK [1][-]{section.160}{Cercle-droite}{chapter.159}% 9
\BOOKMARK [1][-]{section.166}{L'inversion}{chapter.159}% 10
\BOOKMARK [1][-]{section.182}{Les\040homographies}{chapter.159}% 11
\BOOKMARK [1][-]{section.190}{Dispositifs\040m\351caniques}{chapter.159}% 12
\BOOKMARK [1][-]{section.197}{Construction\040au\040compas\040seulement}{chapter.159}% 13
\BOOKMARK [1][-]{section.208}{Exercices}{chapter.159}% 14
\BOOKMARK [0][-]{chapter.255}{La\040cha\356nette}{}% 15
\BOOKMARK [1][-]{section.256}{Le\040cosinus\040hyperbolique}{chapter.255}% 16
\BOOKMARK [1][-]{section.270}{\311quation\040de\040la\040cha\356nette}{chapter.255}% 17
\BOOKMARK [1][-]{section.282}{Longueur\040d'une\040cha\356nette}{chapter.255}% 18
\BOOKMARK [1][-]{section.291}{Exercices}{chapter.255}% 19
\BOOKMARK [0][-]{chapter.305}{Syst\350mes\040it\351r\351s\040de\040fonctions}{}% 20
\BOOKMARK [1][-]{section.306}{Introduction}{chapter.305}% 21
\BOOKMARK [1][-]{section.307}{Topologie\040de\040R2}{chapter.305}% 22
\BOOKMARK [1][-]{section.319}{Attracteurs}{chapter.305}% 23
\BOOKMARK [1][-]{section.325}{Isom\351tries,\040similitudes}{chapter.305}% 24
\BOOKMARK [1][-]{section.339}{Exemples\040\340\040partir\040de\040similitudes}{chapter.305}% 25
\BOOKMARK [1][-]{section.343}{Transformations\040affines}{chapter.305}% 26
\BOOKMARK [1][-]{section.355}{Exemples\040\340\040partir\040des\040transformations\040affines}{chapter.305}% 27
\BOOKMARK [1][-]{section.359}{Dimension\040de\040Hausdorff}{chapter.305}% 28
\BOOKMARK [1][-]{section.365}{Le\040th\351or\350me\040du\040collage\040et\040le\040jeu\040du\040chaos}{chapter.305}% 29
\BOOKMARK [1][-]{section.371}{Exercices}{chapter.305}% 30
\BOOKMARK [0][-]{chapter.412}{Math\351matiques\040du\040GPS}{}% 31
\BOOKMARK [1][-]{section.413}{L'\356le\040aux\0407\040phares}{chapter.412}% 32
\BOOKMARK [1][-]{section.425}{Se\040rep\351rer\040gr\342ce\040au\040GPS}{chapter.412}% 33
\BOOKMARK [1][-]{section.438}{Temps}{chapter.412}% 34
\BOOKMARK [1][-]{section.446}{Vitesse}{chapter.412}% 35
\BOOKMARK [1][-]{section.470}{Syst\350mes\040de\040coordonn\351es}{chapter.412}% 36
\BOOKMARK [1][-]{section.494}{Position\040approch\351e}{chapter.412}% 37
