\BOOKMARK [0][-]{chapter.2}{Algorithmes\040et\040math\351matiques}{}% 1
\BOOKMARK [1][-]{section.3}{Premiers\040pas\040avec\040Python}{chapter.2}% 2
\BOOKMARK [1][-]{section.85}{\311criture\040des\040entiers}{chapter.2}% 3
\BOOKMARK [1][-]{section.179}{Calculs\040de\040sinus,\040cosinus,\040tangente}{chapter.2}% 4
\BOOKMARK [1][-]{section.231}{Les\040r\351els}{chapter.2}% 5
\BOOKMARK [1][-]{section.317}{Arithm\351tique\040\205\040Algorithmes\040r\351cursifs}{chapter.2}% 6
\BOOKMARK [1][-]{section.403}{Polyn\364mes\040\205\040Complexit\351\040d'un\040algorithme}{chapter.2}% 7
\BOOKMARK [0][-]{chapter.495}{Z\351ros\040des\040fonctions}{}% 8
\BOOKMARK [1][-]{section.496}{La\040dichotomie}{chapter.495}% 9
\BOOKMARK [1][-]{section.546}{La\040m\351thode\040de\040la\040s\351cante}{chapter.495}% 10
\BOOKMARK [1][-]{section.569}{La\040m\351thode\040de\040Newton}{chapter.495}% 11
\BOOKMARK [0][-]{chapter.596}{Cryptographie}{}% 12
\BOOKMARK [1][-]{section.597}{Le\040chiffrement\040de\040C\351sar}{chapter.596}% 13
\BOOKMARK [1][-]{section.631}{Le\040chiffrement\040de\040Vigen\350re}{chapter.596}% 14
\BOOKMARK [1][-]{section.664}{La\040machine\040Enigma\040et\040les\040cl\351s\040secr\350tes}{chapter.596}% 15
\BOOKMARK [1][-]{section.685}{La\040cryptographie\040\340\040cl\351\040publique}{chapter.596}% 16
\BOOKMARK [1][-]{section.691}{L'arithm\351tique\040pour\040RSA}{chapter.596}% 17
\BOOKMARK [1][-]{section.735}{Le\040chiffrement\040RSA}{chapter.596}% 18
\BOOKMARK [0][-]{chapter.772}{Calcul\040formel}{}% 19
\BOOKMARK [1][-]{section.773}{Premiers\040pas\040avec\040Sage}{chapter.772}% 20
\BOOKMARK [1][-]{section.847}{Structures\040de\040contr\364le\040avec\040Sage}{chapter.772}% 21
\BOOKMARK [1][-]{section.957}{Suites\040r\351currentes\040et\040preuves\040formelles}{chapter.772}% 22
\BOOKMARK [1][-]{section.1072}{Suites\040r\351currentes\040et\040visualisation}{chapter.772}% 23
\BOOKMARK [1][-]{section.1225}{Alg\350bre\040lin\351aire}{chapter.772}% 24
\BOOKMARK [1][-]{section.1371}{Courbes\040et\040surfaces}{chapter.772}% 25
\BOOKMARK [1][-]{section.1487}{Calculs\040d'int\351grales}{chapter.772}% 26
\BOOKMARK [1][-]{section.1564}{Polyn\364mes}{chapter.772}% 27
\BOOKMARK [1][-]{section.1673}{\311quations\040diff\351rentielles}{chapter.772}% 28
