\BOOKMARK [0][-]{chapter.2}{Les\040nombres\040r\351els}{}% 1
\BOOKMARK [1][-]{section.3}{L'ensemble\040des\040nombres\040rationnels\040Q}{chapter.2}% 2
\BOOKMARK [1][-]{section.18}{Propri\351t\351s\040de\040R}{chapter.2}% 3
\BOOKMARK [1][-]{section.44}{Densit\351\040de\040Q\040dans\040R}{chapter.2}% 4
\BOOKMARK [1][-]{section.61}{Borne\040sup\351rieure}{chapter.2}% 5
\BOOKMARK [0][-]{chapter.96}{Les\040suites}{}% 6
\BOOKMARK [1][-]{section.97}{D\351finitions}{chapter.96}% 7
\BOOKMARK [1][-]{section.111}{Limites}{chapter.96}% 8
\BOOKMARK [1][-]{section.163}{Exemples\040remarquables}{chapter.96}% 9
\BOOKMARK [1][-]{section.198}{Th\351or\350me\040de\040convergence}{chapter.96}% 10
\BOOKMARK [1][-]{section.236}{Suites\040r\351currentes}{chapter.96}% 11
\BOOKMARK [0][-]{chapter.266}{Limites\040et\040fonctions\040continues}{}% 12
\BOOKMARK [1][-]{section.267}{Notions\040de\040fonction}{chapter.266}% 13
\BOOKMARK [1][-]{section.288}{Limites}{chapter.266}% 14
\BOOKMARK [1][-]{section.312}{Continuit\351\040en\040un\040point}{chapter.266}% 15
\BOOKMARK [1][-]{section.332}{Continuit\351\040sur\040un\040intervalle}{chapter.266}% 16
\BOOKMARK [1][-]{section.351}{Fonctions\040monotones\040et\040bijections}{chapter.266}% 17
\BOOKMARK [0][-]{chapter.372}{Fonctions\040usuelles}{}% 18
\BOOKMARK [1][-]{section.373}{Logarithme\040et\040exponentielle}{chapter.372}% 19
\BOOKMARK [1][-]{section.401}{Fonctions\040circulaires\040inverses}{chapter.372}% 20
\BOOKMARK [1][-]{section.410}{Fonctions\040hyperboliques\040et\040hyperboliques\040inverses}{chapter.372}% 21
\BOOKMARK [0][-]{chapter.421}{D\351riv\351e\040d'une\040fonction}{}% 22
\BOOKMARK [1][-]{section.422}{D\351riv\351e}{chapter.421}% 23
\BOOKMARK [1][-]{section.437}{Calcul\040des\040d\351riv\351es}{chapter.421}% 24
\BOOKMARK [1][-]{section.459}{Extremum\040local,\040th\351or\350me\040de\040Rolle}{chapter.421}% 25
\BOOKMARK [1][-]{section.477}{Th\351or\350me\040des\040accroissements\040finis}{chapter.421}% 26
\BOOKMARK [0][-]{chapter.498}{Int\351grales}{}% 27
\BOOKMARK [1][-]{section.499}{L'int\351grale\040de\040Riemann}{chapter.498}% 28
\BOOKMARK [1][-]{section.528}{Propri\351t\351s\040de\040l'int\351grale}{chapter.498}% 29
\BOOKMARK [1][-]{section.548}{Primitive\040d'une\040fonction}{chapter.498}% 30
\BOOKMARK [1][-]{section.581}{Int\351gration\040par\040parties\040\205\040Changement\040de\040variable}{chapter.498}% 31
\BOOKMARK [1][-]{section.603}{Int\351gration\040des\040fractions\040rationnelles}{chapter.498}% 32
\BOOKMARK [0][-]{chapter.623}{D\351veloppements\040limit\351s}{}% 33
\BOOKMARK [1][-]{section.624}{Formules\040de\040Taylor}{chapter.623}% 34
\BOOKMARK [1][-]{section.642}{D\351veloppements\040limit\351s\040au\040voisinage\040d'un\040point}{chapter.623}% 35
\BOOKMARK [1][-]{section.665}{Op\351rations\040sur\040les\040d\351veloppements\040limit\351s}{chapter.623}% 36
\BOOKMARK [1][-]{section.691}{Applications\040des\040d\351veloppements\040limit\351s}{chapter.623}% 37
\BOOKMARK [0][-]{chapter.713}{Courbes\040param\351tr\351es}{}% 38
\BOOKMARK [1][-]{section.714}{Notions\040de\040base}{chapter.713}% 39
\BOOKMARK [1][-]{section.732}{Tangente\040\340\040une\040courbe\040param\351tr\351e}{chapter.713}% 40
\BOOKMARK [1][-]{section.755}{Points\040singuliers\040\205\040Branches\040infinies}{chapter.713}% 41
\BOOKMARK [1][-]{section.776}{Plan\040d'\351tude\040d'une\040courbe\040param\351tr\351e}{chapter.713}% 42
\BOOKMARK [1][-]{section.794}{Courbes\040en\040polaires\040:\040th\351orie}{chapter.713}% 43
\BOOKMARK [1][-]{section.813}{Courbes\040en\040polaires\040:\040exemples}{chapter.713}% 44
\BOOKMARK [0][-]{chapter.831}{\311quations\040diff\351rentielles}{}% 45
\BOOKMARK [1][-]{section.834}{D\351finition}{chapter.831}% 46
\BOOKMARK [1][-]{section.862}{\311quation\040diff\351rentielle\040lin\351aire\040du\040premier\040ordre}{chapter.831}% 47
\BOOKMARK [1][-]{section.909}{\311quation\040diff\351rentielle\040lin\351aire\040du\040second\040ordre\040\340\040coefficients\040constants}{chapter.831}% 48
\BOOKMARK [1][-]{section.946}{Probl\350mes\040conduisant\040\340\040des\040\351quations\040diff\351rentielles}{chapter.831}% 49
\BOOKMARK [0][-]{chapter.957}{Le\347ons\040de\040choses}{}% 50
\BOOKMARK [1][-]{section.958}{Alphabet\040grec}{chapter.957}% 51
\BOOKMARK [1][-]{section.959}{\311crire\040des\040math\351matiques:\040LaTeX\040en\040cinq\040minutes}{chapter.957}% 52
\BOOKMARK [1][-]{section.969}{Formules\040de\040trigonom\351trie:\040sinus,\040cosinus,\040tangente}{chapter.957}% 53
\BOOKMARK [1][-]{section.981}{Formulaire:\040trigonom\351trie\040circulaire\040et\040hyperbolique}{chapter.957}% 54
\BOOKMARK [1][-]{section.982}{Formules\040de\040d\351veloppements\040limit\351s}{chapter.957}% 55
\BOOKMARK [1][-]{section.983}{Formulaire\040:\040primitives}{chapter.957}% 56
\BOOKMARK [0][-]{section*.984}{Index}{}% 57
