\BOOKMARK [0][-]{chapter.1}{Math\351matiques\040du\040GPS}{}% 1
\BOOKMARK [1][-]{section.2}{L'\356le\040aux\0407\040phares}{chapter.1}% 2
\BOOKMARK [2][-]{subsection.3}{Perdu\040!}{section.2}% 3
\BOOKMARK [2][-]{subsection.4}{\300\040toute\040vitesse}{section.2}% 4
\BOOKMARK [2][-]{subsection.5}{Pour\040aller\040plus\040loin...}{section.2}% 5
\BOOKMARK [2][-]{subsection.6}{\300\040vous\040de\040jouer}{section.2}% 6
\BOOKMARK [2][-]{subsection.13}{Bilan}{section.2}% 7
\BOOKMARK [1][-]{section.14}{Se\040rep\351rer\040gr\342ce\040au\040GPS}{chapter.1}% 8
\BOOKMARK [2][-]{subsection.15}{Deux\040cercles}{section.14}% 9
\BOOKMARK [2][-]{subsection.17}{Trois\040sph\350res}{section.14}% 10
\BOOKMARK [2][-]{subsection.19}{Preuve\040analytique}{section.14}% 11
\BOOKMARK [2][-]{subsection.21}{Preuve\040vectorielle}{section.14}% 12
\BOOKMARK [2][-]{subsection.26}{Dimension\0403}{section.14}% 13
\BOOKMARK [1][-]{section.27}{Temps}{chapter.1}% 14
\BOOKMARK [2][-]{subsection.28}{Le\040vieux\040probl\350me\040de\040la\040longitude}{section.27}% 15
\BOOKMARK [2][-]{subsection.29}{Vision\040g\351om\351trique\040\(une\040dimension\)}{section.27}% 16
\BOOKMARK [2][-]{subsection.31}{Vision\040g\351om\351trique\040\(dimension\0402\040et\0403\)}{section.27}% 17
\BOOKMARK [2][-]{subsection.32}{Solution\040vectorielle}{section.27}% 18
\BOOKMARK [1][-]{section.35}{Vitesse}{chapter.1}% 19
\BOOKMARK [2][-]{subsection.36}{Formule\040par\040d\351rivation}{section.35}% 20
\BOOKMARK [2][-]{subsection.37}{Effet\040Doppler}{section.35}% 21
\BOOKMARK [2][-]{subsection.41}{Approximation\040de\040l'effet\040Doppler}{section.35}% 22
\BOOKMARK [2][-]{subsection.43}{Le\040d\351calage\040Doppler}{section.35}% 23
\BOOKMARK [2][-]{subsection.44}{Vitesse\040d'\351loignement}{section.35}% 24
\BOOKMARK [2][-]{subsection.47}{Vitesse\040par\040l'effet\040Doppler\040\(2D\)}{section.35}% 25
\BOOKMARK [2][-]{subsection.50}{Vitesse\040par\040l'effet\040Doppler\040\(3D\)}{section.35}% 26
\BOOKMARK [2][-]{subsection.51}{Pratique\040et\040pr\351cision}{section.35}% 27
\BOOKMARK [2][-]{subsection.53}{Boussole}{section.35}% 28
\BOOKMARK [1][-]{section.59}{Syst\350mes\040de\040coordonn\351es}{chapter.1}% 29
\BOOKMARK [2][-]{subsection.60}{Coordonn\351es\040cart\351siennes\040et\040polaires\040du\040plan}{section.59}% 30
\BOOKMARK [2][-]{subsection.61}{Coordonn\351es\040cart\351siennes\040et\040sph\351riques\040de\040l'espace}{section.59}% 31
\BOOKMARK [2][-]{subsection.63}{La\040Terre\040n'est\040pas\040ronde}{section.59}% 32
\BOOKMARK [2][-]{subsection.64}{Changement\040de\040rep\350re}{section.59}% 33
\BOOKMARK [2][-]{subsection.65}{Coordonn\351es\040locales}{section.59}% 34
\BOOKMARK [2][-]{subsection.71}{Diff\351rentes\040latitudes}{section.59}% 35
\BOOKMARK [2][-]{subsection.77}{Coordonn\351es\040g\351ographiques}{section.59}% 36
\BOOKMARK [1][-]{section.83}{Position\040approch\351e}{chapter.1}% 37
\BOOKMARK [2][-]{subsection.84}{Les\040erreurs}{section.83}% 38
\BOOKMARK [2][-]{subsection.85}{Calcul\040par\040lin\351arisation\040\(dimension\0401\)}{section.83}% 39
\BOOKMARK [2][-]{subsection.88}{Calcul\040par\040lin\351arisation\040\(dimension\0402\)}{section.83}% 40
\BOOKMARK [2][-]{subsection.92}{Passage\040\340\040un\040syst\350me\040surdimensionn\351}{section.83}% 41
\BOOKMARK [2][-]{subsection.93}{M\351thode\040des\040moindres\040carr\351s}{section.83}% 42
