\BOOKMARK [0][-]{chapter.1}{Syst\350mes\040it\351r\351s\040de\040fonctions}{}% 1
\BOOKMARK [1][-]{section.2}{Introduction}{chapter.1}% 2
\BOOKMARK [1][-]{section.3}{Topologie\040de\040R2}{chapter.1}% 3
\BOOKMARK [2][-]{subsection.4}{Distance}{section.3}% 4
\BOOKMARK [2][-]{subsection.5}{Compacts\040de\040R2}{section.3}% 5
\BOOKMARK [2][-]{subsection.10}{Distance\040de\040Hausdorff}{section.3}% 6
\BOOKMARK [1][-]{section.15}{Attracteurs}{chapter.1}% 7
\BOOKMARK [2][-]{subsection.16}{Le\040th\351or\350me\040d'attraction}{section.15}% 8
\BOOKMARK [2][-]{subsection.19}{L'ensemble\040de\040Cantor}{section.15}% 9
\BOOKMARK [2][-]{subsection.20}{Preuve}{section.15}% 10
\BOOKMARK [1][-]{section.21}{Isom\351tries,\040similitudes}{chapter.1}% 11
\BOOKMARK [2][-]{subsection.22}{Transformations\040\351l\351mentaires}{section.21}% 12
\BOOKMARK [2][-]{subsection.23}{Similitudes}{section.21}% 13
\BOOKMARK [1][-]{section.35}{Exemples\040\340\040partir\040de\040similitudes}{chapter.1}% 14
\BOOKMARK [2][-]{subsection.36}{Le\040flocon\040de\040Koch}{section.35}% 15
\BOOKMARK [2][-]{subsection.37}{Le\040triangle\040de\040Sierpinski}{section.35}% 16
\BOOKMARK [2][-]{subsection.38}{D'autres\040fractales}{section.35}% 17
\BOOKMARK [1][-]{section.39}{Transformations\040affines}{chapter.1}% 18
\BOOKMARK [2][-]{subsection.40}{D\351finition}{section.39}% 19
\BOOKMARK [2][-]{subsection.41}{Exemples}{section.39}% 20
\BOOKMARK [2][-]{subsection.42}{Propri\351t\351s}{section.39}% 21
\BOOKMARK [1][-]{section.51}{Exemples\040\340\040partir\040des\040transformations\040affines}{chapter.1}% 22
\BOOKMARK [2][-]{subsection.52}{La\040foug\350re\040de\040Barnsley}{section.51}% 23
\BOOKMARK [2][-]{subsection.53}{L'hippocampe}{section.51}% 24
\BOOKMARK [2][-]{subsection.54}{Vive\040la\040g\351om\351trie}{section.51}% 25
\BOOKMARK [1][-]{section.55}{Dimension\040de\040Hausdorff}{chapter.1}% 26
\BOOKMARK [2][-]{subsection.56}{Intuition}{section.55}% 27
\BOOKMARK [2][-]{subsection.57}{Dimension\040pour\040un\040syst\350me\040it\351r\351\040de\040fonctions}{section.55}% 28
\BOOKMARK [1][-]{section.61}{Le\040th\351or\350me\040du\040collage\040et\040le\040jeu\040du\040chaos}{chapter.1}% 29
\BOOKMARK [2][-]{subsection.62}{Le\040th\351or\350me\040du\040collage}{section.61}% 30
\BOOKMARK [2][-]{subsection.66}{Le\040jeu\040du\040chaos}{section.61}% 31
\BOOKMARK [1][-]{section.67}{Exercices}{chapter.1}% 32
\BOOKMARK [2][-]{subsection.68}{Le\040flocon\040de\040Koch}{section.67}% 33
\BOOKMARK [2][-]{subsection.73}{Topologie\040de\040R2}{section.67}% 34
\BOOKMARK [2][-]{subsection.89}{Isom\351tries,\040similitudes,\040transformations\040affines}{section.67}% 35
\BOOKMARK [2][-]{subsection.99}{Attracteurs}{section.67}% 36
\BOOKMARK [2][-]{subsection.105}{Dimension\040de\040Hausdorff\040et\040th\351or\350me\040du\040collage}{section.67}% 37
