\BOOKMARK [0][-]{chapter.1}{Int\351grales}{}% 1
\BOOKMARK [1][-]{section.2}{L'int\351grale\040de\040Riemann}{chapter.1}% 2
\BOOKMARK [2][-]{subsection.3}{Int\351grale\040d'une\040fonction\040en\040escalier}{section.2}% 3
\BOOKMARK [2][-]{subsection.7}{Fonction\040int\351grable}{section.2}% 4
\BOOKMARK [2][-]{subsection.12}{Premi\350res\040propri\351t\351s}{section.2}% 5
\BOOKMARK [2][-]{subsection.16}{Les\040fonctions\040continues\040sont\040int\351grables}{section.2}% 6
\BOOKMARK [2][-]{subsection.20}{Les\040preuves}{section.2}% 7
\BOOKMARK [1][-]{section.31}{Propri\351t\351s\040de\040l'int\351grale}{chapter.1}% 8
\BOOKMARK [2][-]{subsection.32}{Relation\040de\040Chasles}{section.31}% 9
\BOOKMARK [2][-]{subsection.34}{Positivit\351\040de\040l'int\351grale}{section.31}% 10
\BOOKMARK [2][-]{subsection.36}{Lin\351arit\351\040de\040l'int\351grale}{section.31}% 11
\BOOKMARK [2][-]{subsection.44}{Une\040preuve}{section.31}% 12
\BOOKMARK [1][-]{section.51}{Primitive\040d'une\040fonction}{chapter.1}% 13
\BOOKMARK [2][-]{subsection.52}{D\351finition}{section.51}% 14
\BOOKMARK [2][-]{subsection.59}{Primitives\040des\040fonctions\040usuelles}{section.51}% 15
\BOOKMARK [2][-]{subsection.64}{Relation\040primitive-int\351grale}{section.51}% 16
\BOOKMARK [2][-]{subsection.75}{Sommes\040de\040Riemann}{section.51}% 17
\BOOKMARK [1][-]{section.84}{Int\351gration\040par\040parties\040\205\040Changement\040de\040variable}{chapter.1}% 18
\BOOKMARK [2][-]{subsection.85}{Int\351gration\040par\040parties}{section.84}% 19
\BOOKMARK [2][-]{subsection.96}{Changement\040de\040variable}{section.84}% 20
\BOOKMARK [1][-]{section.106}{Int\351gration\040des\040fractions\040rationnelles}{chapter.1}% 21
\BOOKMARK [2][-]{subsection.107}{Trois\040situations\040de\040base}{section.106}% 22
\BOOKMARK [2][-]{subsection.109}{Int\351gration\040des\040\351l\351ments\040simples}{section.106}% 23
\BOOKMARK [2][-]{subsection.119}{Int\351gration\040des\040fonctions\040trigonom\351triques}{section.106}% 24
