\BOOKMARK [0][-]{chapter.1}{Limites\040et\040fonctions\040continues}{}% 1
\BOOKMARK [1][-]{section.2}{Notions\040de\040fonction}{chapter.1}% 2
\BOOKMARK [2][-]{subsection.3}{D\351finitions}{section.2}% 3
\BOOKMARK [2][-]{subsection.6}{Op\351rations\040sur\040les\040fonctions}{section.2}% 4
\BOOKMARK [2][-]{subsection.7}{Fonctions\040major\351es,\040minor\351es,\040born\351es}{section.2}% 5
\BOOKMARK [2][-]{subsection.10}{Fonctions\040croissantes,\040d\351croissantes}{section.2}% 6
\BOOKMARK [2][-]{subsection.13}{Parit\351\040et\040p\351riodicit\351}{section.2}% 7
\BOOKMARK [1][-]{section.23}{Limites}{chapter.1}% 8
\BOOKMARK [2][-]{subsection.24}{D\351finitions}{section.23}% 9
\BOOKMARK [2][-]{subsection.36}{Propri\351t\351s}{section.23}% 10
\BOOKMARK [1][-]{section.47}{Continuit\351\040en\040un\040point}{chapter.1}% 11
\BOOKMARK [2][-]{subsection.48}{D\351finition}{section.47}% 12
\BOOKMARK [2][-]{subsection.51}{Propri\351t\351s}{section.47}% 13
\BOOKMARK [2][-]{subsection.56}{Prolongement\040par\040continuit\351}{section.47}% 14
\BOOKMARK [2][-]{subsection.59}{Suites\040et\040continuit\351}{section.47}% 15
\BOOKMARK [1][-]{section.67}{Continuit\351\040sur\040un\040intervalle}{chapter.1}% 16
\BOOKMARK [2][-]{subsection.68}{Le\040th\351or\350me\040des\040valeurs\040interm\351diaires}{section.67}% 17
\BOOKMARK [2][-]{subsection.73}{Applications\040du\040th\351or\350me\040des\040valeurs\040interm\351diaires}{section.67}% 18
\BOOKMARK [2][-]{subsection.77}{Fonctions\040continues\040sur\040un\040segment}{section.67}% 19
\BOOKMARK [1][-]{section.86}{Fonctions\040monotones\040et\040bijections}{chapter.1}% 20
\BOOKMARK [2][-]{subsection.87}{Rappels\040:\040injection,\040surjection,\040bijection}{section.86}% 21
\BOOKMARK [2][-]{subsection.90}{Fonctions\040monotones\040et\040bijections}{section.86}% 22
\BOOKMARK [2][-]{subsection.96}{D\351monstration}{section.86}% 23
