\BOOKMARK [0][-]{chapter.1}{Calcul\040formel}{}% 1
\BOOKMARK [1][-]{section.2}{Premiers\040pas\040avec\040Sage}{chapter.1}% 2
\BOOKMARK [2][-]{subsection.3}{Hello\040world!}{section.2}% 3
\BOOKMARK [2][-]{subsection.16}{Calcul\040formel}{section.2}% 4
\BOOKMARK [2][-]{subsection.51}{Calcul\040formel\040vs\040calcul\040num\351rique}{section.2}% 5
\BOOKMARK [2][-]{subsection.60}{Graphiques}{section.2}% 6
\BOOKMARK [2][-]{subsection.62}{Le\040calcul\040formel\040peut-il\040tout\040faire\040?}{section.2}% 7
\BOOKMARK [2][-]{subsection.71}{Un\040peu\040plus\040sur\040Sage}{section.2}% 8
\BOOKMARK [1][-]{section.76}{Structures\040de\040contr\364le\040avec\040Sage}{chapter.1}% 9
\BOOKMARK [2][-]{subsection.77}{Boucles}{section.76}% 10
\BOOKMARK [2][-]{subsection.109}{Bool\351ens\040et\040conditions}{section.76}% 11
\BOOKMARK [2][-]{subsection.122}{Fonctions\040informatiques}{section.76}% 12
\BOOKMARK [2][-]{subsection.146}{Variable\040locale/variable\040globale}{section.76}% 13
\BOOKMARK [2][-]{subsection.155}{Conjecture\040de\040Syracuse}{section.76}% 14
\BOOKMARK [1][-]{section.186}{Suites\040r\351currentes\040et\040preuves\040formelles}{chapter.1}% 15
\BOOKMARK [2][-]{subsection.191}{La\040suite\040de\040Fibonacci}{section.186}% 16
\BOOKMARK [2][-]{subsection.249}{L'identit\351\040de\040Cassini}{section.186}% 17
\BOOKMARK [2][-]{subsection.260}{Une\040autre\040suite\040r\351currente\040double}{section.186}% 18
\BOOKMARK [1][-]{section.301}{Suites\040r\351currentes\040et\040visualisation}{chapter.1}% 19
\BOOKMARK [2][-]{subsection.302}{Visualiser\040une\040suite\040r\351currente}{section.301}% 20
\BOOKMARK [2][-]{subsection.346}{Listes}{section.301}% 21
\BOOKMARK [2][-]{subsection.360}{Suites\040et\040chaos}{section.301}% 22
\BOOKMARK [1][-]{section.454}{Alg\350bre\040lin\351aire}{chapter.1}% 23
\BOOKMARK [2][-]{subsection.455}{Op\351rations\040de\040base}{section.454}% 24
\BOOKMARK [2][-]{subsection.491}{R\351duction\040de\040Gauss,\040calcul\040de\040l'inverse}{section.454}% 25
\BOOKMARK [2][-]{subsection.550}{Application\040lin\351aire,\040image,\040noyau}{section.454}% 26
\BOOKMARK [2][-]{subsection.576}{M\351thodes\040des\040moindres\040carr\351s}{section.454}% 27
\BOOKMARK [1][-]{section.600}{Courbes\040et\040surfaces}{chapter.1}% 28
\BOOKMARK [2][-]{subsection.601}{Courbes\040param\351tr\351es}{section.600}% 29
\BOOKMARK [2][-]{subsection.612}{Courbes\040en\040coordonn\351es\040polaires}{section.600}% 30
\BOOKMARK [2][-]{subsection.621}{Courbes\040d\351finies\040par\040une\040\351quation}{section.600}% 31
\BOOKMARK [2][-]{subsection.631}{Courbes\040de\040l'espace}{section.600}% 32
\BOOKMARK [2][-]{subsection.633}{Surfaces}{section.600}% 33
\BOOKMARK [2][-]{subsection.640}{\311tude\040d'une\040courbe\040param\351tr\351e}{section.600}% 34
\BOOKMARK [2][-]{subsection.660}{La\040projection\040st\351r\351ographique}{section.600}% 35
\BOOKMARK [1][-]{section.716}{Calculs\040d'int\351grales}{chapter.1}% 36
\BOOKMARK [2][-]{subsection.717}{Sage\040comme\040une\040super-calculatrice}{section.716}% 37
\BOOKMARK [2][-]{subsection.729}{Int\351gration\040par\040parties}{section.716}% 38
\BOOKMARK [2][-]{subsection.755}{Changement\040de\040variable}{section.716}% 39
\BOOKMARK [1][-]{section.793}{Polyn\364mes}{chapter.1}% 40
\BOOKMARK [2][-]{subsection.794}{Manipuler\040les\040polyn\364mes}{section.793}% 41
\BOOKMARK [2][-]{subsection.827}{Algorithme\040de\040Horner}{section.793}% 42
\BOOKMARK [2][-]{subsection.874}{Interpolation\040de\040Lagrange}{section.793}% 43
\BOOKMARK [1][-]{section.902}{\311quations\040diff\351rentielles}{chapter.1}% 44
\BOOKMARK [2][-]{subsection.903}{\311quations\040diff\351rentielles\040y'\040=\040f\(x,y\)}{section.902}% 45
\BOOKMARK [2][-]{subsection.944}{Interpr\351tation\040g\351om\351trique}{section.902}% 46
\BOOKMARK [2][-]{subsection.976}{\311quations\040diff\351rentielles\040du\040second\040ordre}{section.902}% 47
