\BOOKMARK [0][-]{chapter.1}{D\351veloppements\040limit\351s}{}% 1
\BOOKMARK [1][-]{section.2}{Formules\040de\040Taylor}{chapter.1}% 2
\BOOKMARK [2][-]{subsection.3}{Formule\040de\040Taylor\040avec\040reste\040int\351gral}{section.2}% 3
\BOOKMARK [2][-]{subsection.6}{Formule\040de\040Taylor\040avec\040reste\040f\(n+1\)\(c\)}{section.2}% 4
\BOOKMARK [2][-]{subsection.12}{Formule\040de\040Taylor-Young}{section.2}% 5
\BOOKMARK [2][-]{subsection.14}{Un\040exemple}{section.2}% 6
\BOOKMARK [2][-]{subsection.15}{R\351sum\351}{section.2}% 7
\BOOKMARK [1][-]{section.20}{D\351veloppements\040limit\351s\040au\040voisinage\040d'un\040point}{chapter.1}% 8
\BOOKMARK [2][-]{subsection.21}{D\351finition\040et\040existence}{section.20}% 9
\BOOKMARK [2][-]{subsection.26}{Unicit\351}{section.20}% 10
\BOOKMARK [2][-]{subsection.33}{DL\040des\040fonctions\040usuelles\040\340\040l'origine}{section.20}% 11
\BOOKMARK [2][-]{subsection.34}{DL\040des\040fonctions\040en\040un\040point\040quelconque}{section.20}% 12
\BOOKMARK [1][-]{section.43}{Op\351rations\040sur\040les\040d\351veloppements\040limit\351s}{chapter.1}% 13
\BOOKMARK [2][-]{subsection.44}{Somme\040et\040produit}{section.43}% 14
\BOOKMARK [2][-]{subsection.47}{Composition}{section.43}% 15
\BOOKMARK [2][-]{subsection.51}{Division}{section.43}% 16
\BOOKMARK [2][-]{subsection.60}{Int\351gration}{section.43}% 17
\BOOKMARK [1][-]{section.69}{Applications\040des\040d\351veloppements\040limit\351s}{chapter.1}% 18
\BOOKMARK [2][-]{subsection.70}{Calculs\040de\040limites}{section.69}% 19
\BOOKMARK [2][-]{subsection.72}{Position\040d'une\040courbe\040par\040rapport\040\340\040sa\040tangente}{section.69}% 20
\BOOKMARK [2][-]{subsection.77}{D\351veloppement\040limit\351\040en\040+}{section.69}% 21
