\BOOKMARK [0][-]{chapter.1}{Ensembles\040et\040applications}{}% 1
\BOOKMARK [1][-]{section.2}{Ensembles}{chapter.1}% 2
\BOOKMARK [2][-]{subsection.3}{D\351finir\040des\040ensembles}{section.2}% 3
\BOOKMARK [2][-]{subsection.4}{Inclusion,\040union,\040intersection,\040compl\351mentaire}{section.2}% 4
\BOOKMARK [2][-]{subsection.5}{R\350gles\040de\040calculs}{section.2}% 5
\BOOKMARK [2][-]{subsection.6}{Produit\040cart\351sien}{section.2}% 6
\BOOKMARK [1][-]{section.16}{Applications}{chapter.1}% 7
\BOOKMARK [2][-]{subsection.17}{D\351finitions}{section.16}% 8
\BOOKMARK [2][-]{subsection.21}{Image\040directe,\040image\040r\351ciproque}{section.16}% 9
\BOOKMARK [2][-]{subsection.24}{Ant\351c\351dents}{section.16}% 10
\BOOKMARK [1][-]{section.29}{Injection,\040surjection,\040bijection}{chapter.1}% 11
\BOOKMARK [2][-]{subsection.30}{Injection,\040surjection}{section.29}% 12
\BOOKMARK [2][-]{subsection.36}{Bijection}{section.29}% 13
\BOOKMARK [1][-]{section.46}{Ensembles\040finis}{chapter.1}% 14
\BOOKMARK [2][-]{subsection.47}{Cardinal}{section.46}% 15
\BOOKMARK [2][-]{subsection.56}{Injection,\040surjection,\040bijection\040et\040ensembles\040finis}{section.46}% 16
\BOOKMARK [2][-]{subsection.66}{Nombres\040d'applications}{section.46}% 17
\BOOKMARK [2][-]{subsection.72}{Nombres\040de\040sous-ensembles}{section.46}% 18
\BOOKMARK [2][-]{subsection.75}{Coefficients\040du\040bin\364me\040de\040Newton}{section.46}% 19
\BOOKMARK [2][-]{subsection.84}{Formule\040du\040bin\364me\040de\040Newton}{section.46}% 20
\BOOKMARK [1][-]{section.96}{Relation\040d'\351quivalence}{chapter.1}% 21
\BOOKMARK [2][-]{subsection.97}{D\351finition}{section.96}% 22
\BOOKMARK [2][-]{subsection.99}{Exemples}{section.96}% 23
\BOOKMARK [2][-]{subsection.105}{Classes\040d'\351quivalence}{section.96}% 24
\BOOKMARK [2][-]{subsection.114}{L'ensemble\040Z/nZ}{section.96}% 25
