\BOOKMARK [0][-]{chapter.1}{Syst\350mes\040diff\351rentiels}{}% 1
\BOOKMARK [1][-]{section.2}{Cas\040d'une\040matrice\040diagonalisable}{chapter.1}% 2
\BOOKMARK [2][-]{subsection.3}{Introduction}{section.2}% 3
\BOOKMARK [2][-]{subsection.6}{\311criture\040matricielle}{section.2}% 4
\BOOKMARK [2][-]{subsection.11}{Cas\040diagonalisable}{section.2}% 5
\BOOKMARK [1][-]{section.20}{Exponentielle\040de\040matrices}{chapter.1}% 6
\BOOKMARK [2][-]{subsection.21}{Rappels}{section.20}% 7
\BOOKMARK [2][-]{subsection.26}{Exponentielle\040de\040matrices}{section.20}% 8
\BOOKMARK [2][-]{subsection.30}{Propri\351t\351s}{section.20}% 9
\BOOKMARK [2][-]{subsection.36}{Calculs}{section.20}% 10
\BOOKMARK [2][-]{subsection.40}{D\351riv\351e}{section.20}% 11
\BOOKMARK [1][-]{section.45}{Syst\350mes\040diff\351rentiels\040lin\351aires}{chapter.1}% 12
\BOOKMARK [2][-]{subsection.46}{Solutions\040des\040syst\350mes\040homog\350nes}{section.45}% 13
\BOOKMARK [2][-]{subsection.50}{M\351thode}{section.45}% 14
\BOOKMARK [2][-]{subsection.56}{Exemple}{section.45}% 15
\BOOKMARK [1][-]{section.68}{\311quations\040diff\351rentielles\040lin\351aires}{chapter.1}% 16
\BOOKMARK [2][-]{subsection.69}{\311quations\040diff\351rentielles\040lin\351aires\040d'ordre\0402}{section.68}% 17
\BOOKMARK [2][-]{subsection.76}{\311quations\040diff\351rentielles\040lin\351aires\040d'ordre\040n}{section.68}% 18
\BOOKMARK [2][-]{subsection.85}{Suites\040r\351currentes\040lin\351aires}{section.68}% 19
\BOOKMARK [1][-]{section.96}{Exemples\040en\040dimension\0402}{chapter.1}% 20
\BOOKMARK [2][-]{subsection.97}{Trajectoires}{section.96}% 21
\BOOKMARK [2][-]{subsection.99}{Matrice\040diagonalisable\040sur\040R}{section.96}% 22
\BOOKMARK [2][-]{subsection.102}{Matrice\040diagonalisable\040sur\040C}{section.96}% 23
\BOOKMARK [2][-]{subsection.104}{Matrice\040non\040diagonalisable}{section.96}% 24
