\BOOKMARK [0][-]{chapter.1}{La\040r\350gle\040et\040le\040compas}{}% 1
\BOOKMARK [1][-]{section.2}{Constructions\040et\040les\040trois\040probl\350mes\040grecs}{chapter.1}% 2
\BOOKMARK [2][-]{subsection.3}{Premi\350res\040constructions\040g\351om\351triques}{section.2}% 3
\BOOKMARK [2][-]{subsection.4}{R\350gles\040du\040jeu}{section.2}% 4
\BOOKMARK [2][-]{subsection.5}{Conserver\040l'\351cartement\040du\040compas}{section.2}% 5
\BOOKMARK [2][-]{subsection.6}{Thal\350s\040et\040Pythagore}{section.2}% 6
\BOOKMARK [2][-]{subsection.10}{La\040trisection\040des\040angles}{section.2}% 7
\BOOKMARK [2][-]{subsection.11}{La\040duplication\040du\040cube}{section.2}% 8
\BOOKMARK [2][-]{subsection.12}{La\040quadrature\040du\040cercle}{section.2}% 9
\BOOKMARK [1][-]{section.13}{Les\040nombres\040constructibles\040\340\040la\040r\350gle\040et\040au\040compas}{chapter.1}% 10
\BOOKMARK [2][-]{subsection.14}{Nombre\040constructible}{section.13}% 11
\BOOKMARK [2][-]{subsection.20}{Premi\350res\040constructions\040alg\351briques}{section.13}% 12
\BOOKMARK [2][-]{subsection.36}{Retour\040sur\040les\040trois\040probl\350mes\040grecs}{section.13}% 13
\BOOKMARK [2][-]{subsection.37}{Les\040ensembles}{section.13}% 14
\BOOKMARK [1][-]{section.38}{\311l\351ments\040de\040th\351orie\040des\040corps}{chapter.1}% 15
\BOOKMARK [2][-]{subsection.39}{Les\040exemples\040\340\040comprendre}{section.38}% 16
\BOOKMARK [2][-]{subsection.40}{Corps}{section.38}% 17
\BOOKMARK [2][-]{subsection.47}{Extension\040de\040corps}{section.38}% 18
\BOOKMARK [2][-]{subsection.52}{Nombre\040alg\351brique}{section.38}% 19
\BOOKMARK [1][-]{section.65}{Corps\040et\040nombres\040constructibles}{chapter.1}% 20
\BOOKMARK [2][-]{subsection.66}{Nombre\040constructible\040et\040extensions\040quadratiques}{section.65}% 21
\BOOKMARK [2][-]{subsection.72}{Corollaires}{section.65}% 22
\BOOKMARK [1][-]{section.75}{Applications\040aux\040probl\350mes\040grecs}{chapter.1}% 23
\BOOKMARK [2][-]{subsection.79}{L'impossibilit\351\040de\040la\040duplication\040du\040cube}{section.75}% 24
\BOOKMARK [2][-]{subsection.81}{L'impossibilit\351\040de\040la\040quadrature\040du\040cercle}{section.75}% 25
\BOOKMARK [2][-]{subsection.83}{L'impossibilit\351\040de\040la\040trisection\040des\040angles}{section.75}% 26
\BOOKMARK [1][-]{section.85}{Exercices}{chapter.1}% 27
\BOOKMARK [2][-]{subsection.86}{Constructions\040\351l\351mentaires}{section.85}% 28
\BOOKMARK [2][-]{subsection.104}{Les\040nombres\040constructibles\040\340\040la\040r\350gle\040et\040au\040compas}{section.85}% 29
\BOOKMARK [2][-]{subsection.112}{\311l\351ments\040de\040th\351orie\040des\040corps}{section.85}% 30
\BOOKMARK [2][-]{subsection.131}{Corps\040et\040nombres\040constructibles}{section.85}% 31
\BOOKMARK [2][-]{subsection.133}{Applications\040aux\040probl\350mes\040grecs}{section.85}% 32
\BOOKMARK [2][-]{subsection.141}{Constructions\040assist\351es}{section.85}% 33
