\BOOKMARK [0][-]{chapter.1}{Diff\351omorphismes}{}% 1
\BOOKMARK [1][-]{section.2}{Diff\351omorphismes}{chapter.1}% 2
\BOOKMARK [2][-]{subsection.3}{D\351finition}{section.2}% 3
\BOOKMARK [2][-]{subsection.5}{Diff\351omorphisme\040et\040jacobienne}{section.2}% 4
\BOOKMARK [2][-]{subsection.8}{Hanani}{section.2}% 5
\BOOKMARK [2][-]{subsection.16}{\311quations\040aux\040d\351riv\351es\040partielles}{section.2}% 6
\BOOKMARK [2][-]{subsection.17}{}{section.2}% 7
\BOOKMARK [2][-]{subsection.18}{Champs\040de\040vecteurs}{section.2}% 8
\BOOKMARK [2][-]{subsection.25}{Exemples\040d'\351quations\040aux\040d\351riv\351es\040partielles}{section.2}% 9
\BOOKMARK [2][-]{subsection.38}{Introduction}{section.2}% 10
\BOOKMARK [1][-]{section.39}{Th\351or\350me\040d'inversion\040locale}{chapter.1}% 11
\BOOKMARK [2][-]{subsection.40}{}{section.39}% 12
\BOOKMARK [2][-]{subsection.41}{}{section.39}% 13
\BOOKMARK [2][-]{subsection.42}{}{section.39}% 14
\BOOKMARK [2][-]{subsection.43}{}{section.39}% 15
\BOOKMARK [2][-]{subsection.45}{Pujo\040:\040Th\351or\350me\040d'inversion\040locale}{section.39}% 16
\BOOKMARK [2][-]{subsection.49}{Fichou}{section.39}% 17
\BOOKMARK [1][-]{section.53}{Th\351or\350me\040des\040fonctions\040implicites}{chapter.1}% 18
\BOOKMARK [2][-]{subsection.54}{}{section.53}% 19
\BOOKMARK [2][-]{subsection.55}{}{section.53}% 20
\BOOKMARK [2][-]{subsection.56}{}{section.53}% 21
\BOOKMARK [2][-]{subsection.57}{}{section.53}% 22
\BOOKMARK [2][-]{subsection.59}{Pujo\040:\040Th\351or\350me\040des\040fonctions\040implicites}{section.53}% 23
\BOOKMARK [2][-]{subsection.64}{Fichou\040:\040Fonctions\040implicites\040:\040cas\040f\(x,y\)\040=\0400}{section.53}% 24
\BOOKMARK [2][-]{subsection.67}{Fonctions\040implicites\040:\040cas\040f\(x1\040\040\203\040xn\)\040=\0400}{section.53}% 25
