\BOOKMARK [0][-]{chapter.1}{Cryptographie}{}% 1
\BOOKMARK [1][-]{section.2}{Le\040chiffrement\040de\040C\351sar}{chapter.1}% 2
\BOOKMARK [2][-]{subsection.3}{C\351sar\040a\040dit...}{section.2}% 3
\BOOKMARK [2][-]{subsection.4}{Des\040chiffres\040et\040des\040lettres}{section.2}% 4
\BOOKMARK [2][-]{subsection.5}{Modulo}{section.2}% 5
\BOOKMARK [2][-]{subsection.7}{Chiffrer\040et\040d\351chiffrer}{section.2}% 6
\BOOKMARK [2][-]{subsection.9}{Espace\040des\040cl\351s\040et\040attaque}{section.2}% 7
\BOOKMARK [2][-]{subsection.10}{Algorithmes}{section.2}% 8
\BOOKMARK [1][-]{section.36}{Le\040chiffrement\040de\040Vigen\350re}{chapter.1}% 9
\BOOKMARK [2][-]{subsection.37}{Substitution\040mono-alphab\351tique}{section.36}% 10
\BOOKMARK [2][-]{subsection.41}{Le\040chiffrement\040de\040Vigen\350re}{section.36}% 11
\BOOKMARK [2][-]{subsection.45}{Algorithmes}{section.36}% 12
\BOOKMARK [1][-]{section.69}{La\040machine\040Enigma\040et\040les\040cl\351s\040secr\350tes}{chapter.1}% 13
\BOOKMARK [2][-]{subsection.70}{Un\040secret\040parfait}{section.69}% 14
\BOOKMARK [2][-]{subsection.74}{La\040machine\040Enigma}{section.69}% 15
\BOOKMARK [2][-]{subsection.83}{La\040ronde\040des\040chiffres\040:\040DES}{section.69}% 16
\BOOKMARK [1][-]{section.90}{La\040cryptographie\040\340\040cl\351\040publique}{chapter.1}% 17
\BOOKMARK [2][-]{subsection.91}{Le\040principe\040de\040Kerckhoffs}{section.90}% 18
\BOOKMARK [2][-]{subsection.92}{Factorisations\040des\040entiers}{section.90}% 19
\BOOKMARK [2][-]{subsection.93}{Fonctions\040\340\040sens\040unique}{section.90}% 20
\BOOKMARK [2][-]{subsection.94}{Chiffrement\040\340\040cl\351\040secr\350te}{section.90}% 21
\BOOKMARK [2][-]{subsection.95}{Chiffrement\040\340\040cl\351\040publique}{section.90}% 22
\BOOKMARK [1][-]{section.96}{L'arithm\351tique\040pour\040RSA}{chapter.1}% 23
\BOOKMARK [2][-]{subsection.97}{Le\040petit\040th\351or\350me\040de\040Fermat\040am\351lior\351}{section.96}% 24
\BOOKMARK [2][-]{subsection.101}{L'algorithme\040d'Euclide\040\351tendu}{section.96}% 25
\BOOKMARK [2][-]{subsection.119}{Inverse\040modulo\040n}{section.96}% 26
\BOOKMARK [2][-]{subsection.129}{L'exponentiation\040rapide}{section.96}% 27
\BOOKMARK [1][-]{section.140}{Le\040chiffrement\040RSA}{chapter.1}% 28
\BOOKMARK [2][-]{subsection.144}{Calcul\040de\040la\040cl\351\040publique\040et\040de\040la\040cl\351\040priv\351e}{section.140}% 29
\BOOKMARK [2][-]{subsection.149}{Chiffrement\040du\040message}{section.140}% 30
\BOOKMARK [2][-]{subsection.152}{D\351chiffrement\040du\040message}{section.140}% 31
\BOOKMARK [2][-]{subsection.153}{Sch\351ma}{section.140}% 32
\BOOKMARK [2][-]{subsection.154}{Lemme\040de\040d\351chiffrement}{section.140}% 33
\BOOKMARK [2][-]{subsection.156}{Algorithmes}{section.140}% 34
