\BOOKMARK [0][-]{chapter.1}{Algorithmes\040et\040math\351matiques}{}% 1
\BOOKMARK [1][-]{section.2}{Premiers\040pas\040avec\040Python}{chapter.1}% 2
\BOOKMARK [2][-]{subsection.3}{Hello\040world!}{section.2}% 3
\BOOKMARK [2][-]{subsection.20}{Somme\040des\040cubes}{section.2}% 4
\BOOKMARK [2][-]{subsection.55}{Calcul\040de\040\040au\040hasard}{section.2}% 5
\BOOKMARK [2][-]{subsection.78}{Un\040peu\040plus\040sur\040Python}{section.2}% 6
\BOOKMARK [1][-]{section.84}{\311criture\040des\040entiers}{chapter.1}% 7
\BOOKMARK [2][-]{subsection.85}{Division\040euclidienne\040et\040reste,\040calcul\040avec\040les\040modulo}{section.84}% 8
\BOOKMARK [2][-]{subsection.101}{\311criture\040des\040nombres\040en\040base\04010}{section.84}% 9
\BOOKMARK [2][-]{subsection.121}{Module\040!math!}{section.84}% 10
\BOOKMARK [2][-]{subsection.122}{\311criture\040des\040nombres\040en\040base\0402}{section.84}% 11
\BOOKMARK [1][-]{section.178}{Calculs\040de\040sinus,\040cosinus,\040tangente}{chapter.1}% 12
\BOOKMARK [2][-]{subsection.179}{\376\377\000C\000a\000l\000c\000u\000l\000\040\000d\000e\000\040\000`\0003\003\001\0009\000`\0004\0002\000`\000"\003\007\0006\0001\0003\000A\000`\000`\0004\0005\000`\0004\0007\000`\000"\0006\0000\0003\000A\000A\000r\000c\000t\000a\000n\000x}{section.178}% 13
\BOOKMARK [2][-]{subsection.194}{Calcul\040de\040tanx}{section.178}% 14
\BOOKMARK [2][-]{subsection.224}{Calcul\040de\040sinx\040et\040cosx}{section.178}% 15
\BOOKMARK [1][-]{section.230}{Les\040r\351els}{chapter.1}% 16
\BOOKMARK [2][-]{subsection.231}{Constante\040\040d'Euler}{section.230}% 17
\BOOKMARK [2][-]{subsection.249}{1000\040d\351cimales\040de\040la\040constante\040d'Euler}{section.230}% 18
\BOOKMARK [2][-]{subsection.267}{Un\040peu\040de\040r\351alit\351}{section.230}% 19
\BOOKMARK [2][-]{subsection.292}{Somme\040des\040inverses\040des\040carr\351s}{section.230}% 20
\BOOKMARK [1][-]{section.316}{Arithm\351tique\040\205\040Algorithmes\040r\351cursifs}{chapter.1}% 21
\BOOKMARK [2][-]{subsection.317}{Algorithmes\040r\351cursifs}{section.316}% 22
\BOOKMARK [2][-]{subsection.339}{L'algorithme\040d'Euclide}{section.316}% 23
\BOOKMARK [2][-]{subsection.362}{Nombres\040premiers}{section.316}% 24
\BOOKMARK [1][-]{section.402}{Polyn\364mes\040\205\040Complexit\351\040d'un\040algorithme}{chapter.1}% 25
\BOOKMARK [2][-]{subsection.403}{Qu'est-ce\040qu'un\040algorithme\040?}{section.402}% 26
\BOOKMARK [2][-]{subsection.404}{Polyn\364mes}{section.402}% 27
\BOOKMARK [2][-]{subsection.440}{Algorithme\040de\040Karatsuba}{section.402}% 28
\BOOKMARK [2][-]{subsection.487}{Optimiser\040ses\040algorithmes}{section.402}% 29
